<?xml version="1.0" encoding="UTF-8"?>
<!-- Generated by org.testng.reporters.JUnitReportReporter -->
<testsuite hostname="DESKTOP-NCFL89A" failures="0" tests="1" name="Practise.Demo" time="51.707" errors="0" timestamp="25 Feb 2021 17:48:02 GMT" skipped="0">
  <testcase classname="Practise.Demo" name="loginToApplication" time="51.707"/>
</testsuite> <!-- Practise.Demo -->
