<?xml version="1.0" encoding="UTF-8"?>
<!-- Generated by org.testng.reporters.JUnitReportReporter -->
<testsuite hostname="TYSS" failures="0" tests="1" name="Practise.Demo" time="38.258" errors="0" timestamp="26 Feb 2021 07:03:16 GMT" skipped="0">
  <testcase classname="Practise.Demo" name="loginToApplication" time="38.258"/>
</testsuite> <!-- Practise.Demo -->
